<?xml version="1.0" encoding="UTF-8"?>
<!-- Generated by org.testng.reporters.JUnitReportReporter -->
<testsuite skipped="0" hostname="DESKTOP-ID75R87" name="com.qa.reb.testcases.HomePageTest" tests="1" failures="0" timestamp="17 Jul 2019 18:43:42 GMT" time="22.053" errors="0">
  <testcase name="TitleTest" time="22.053" classname="com.qa.reb.testcases.HomePageTest"/>
</testsuite> <!-- com.qa.reb.testcases.HomePageTest -->
